c:\users\anon\source\repos\hotkeymapper\hotkeymapper\x64\release\hotkeymapper.pch
c:\users\anon\source\repos\hotkeymapper\hotkeymapper\x64\release\vc143.pdb
c:\users\anon\source\repos\hotkeymapper\hotkeymapper\x64\release\pch.obj
c:\users\anon\source\repos\hotkeymapper\hotkeymapper\x64\release\hotkeymapperdlg.obj
c:\users\anon\source\repos\hotkeymapper\hotkeymapper\x64\release\dialogurl.obj
c:\users\anon\source\repos\hotkeymapper\hotkeymapper\x64\release\hotkeymapper.obj
c:\users\anon\source\repos\hotkeymapper\hotkeymapper\x64\release\dialogfile.obj
c:\users\anon\source\repos\hotkeymapper\hotkeymapper\x64\release\dialogapp.obj
c:\users\anon\source\repos\hotkeymapper\hotkeymapper\x64\release\dialogkeys.obj
c:\users\anon\source\repos\hotkeymapper\x64\release\hotkeymapper.exe
c:\users\anon\source\repos\hotkeymapper\x64\release\hotkeymapper.pdb
c:\users\anon\source\repos\hotkeymapper\hotkeymapper\x64\release\hotkeymapper.res
c:\users\anon\source\repos\hotkeymapper\hotkeymapper\x64\release\hotkeymapper.ipdb
c:\users\anon\source\repos\hotkeymapper\hotkeymapper\x64\release\hotkeymapper.iobj
c:\users\anon\source\repos\hotkeymapper\hotkeymapper\x64\release\hotkeymapper.tlog\cl.command.1.tlog
c:\users\anon\source\repos\hotkeymapper\hotkeymapper\x64\release\hotkeymapper.tlog\cl.items.tlog
c:\users\anon\source\repos\hotkeymapper\hotkeymapper\x64\release\hotkeymapper.tlog\cl.read.1.tlog
c:\users\anon\source\repos\hotkeymapper\hotkeymapper\x64\release\hotkeymapper.tlog\cl.write.1.tlog
c:\users\anon\source\repos\hotkeymapper\hotkeymapper\x64\release\hotkeymapper.tlog\link.command.1.tlog
c:\users\anon\source\repos\hotkeymapper\hotkeymapper\x64\release\hotkeymapper.tlog\link.read.1.tlog
c:\users\anon\source\repos\hotkeymapper\hotkeymapper\x64\release\hotkeymapper.tlog\link.secondary.1.tlog
c:\users\anon\source\repos\hotkeymapper\hotkeymapper\x64\release\hotkeymapper.tlog\link.write.1.tlog
c:\users\anon\source\repos\hotkeymapper\hotkeymapper\x64\release\hotkeymapper.tlog\rc.command.1.tlog
c:\users\anon\source\repos\hotkeymapper\hotkeymapper\x64\release\hotkeymapper.tlog\rc.read.1.tlog
c:\users\anon\source\repos\hotkeymapper\hotkeymapper\x64\release\hotkeymapper.tlog\rc.write.1.tlog
